2026-02-13 18:41:54 [[35mhttp[39m]: [35mGET /health - User: anonymous - Status: 200 - 13ms[39m
2026-02-13 18:41:55 [[35mhttp[39m]: [35mGET /favicon.ico - User: anonymous - Status: 404 - 1ms[39m
2026-02-13 18:47:26 [[35mhttp[39m]: [35mPOST /session - User: anonymous - Status: 200 - 10038ms[39m
2026-02-13 19:29:46 [[35mhttp[39m]: [35mPOST /session - User: anonymous - Status: 401 - 13ms[39m
2026-02-13 23:58:16 [[35mhttp[39m]: [35mPOST /session - User: FNsNF6r3t9cwhxG94wMXaNUWXoF2 - Status: 200 - 21591ms[39m
2026-02-14 00:00:40 [[35mhttp[39m]: [35mPOST /session - User: anonymous - Status: 401 - 1ms[39m
2026-02-14 00:01:36 [[35mhttp[39m]: [35mPOST /session - User: anonymous - Status: 401 - 10ms[39m
2026-02-14 00:03:46 [[35mhttp[39m]: [35mPOST /session - User: FNsNF6r3t9cwhxG94wMXaNUWXoF2 - Status: 400 - 4ms[39m
2026-02-14 00:04:44 [[35mhttp[39m]: [35mPOST /session - User: FNsNF6r3t9cwhxG94wMXaNUWXoF2 - Status: 400 - 5ms[39m
2026-02-14 00:47:17 [[35mhttp[39m]: [35mGET /FNsNF6r3t9cwhxG94wMXaNUWXoF2 - User: FNsNF6r3t9cwhxG94wMXaNUWXoF2 - Status: 200 - 2524ms[39m
2026-02-14 00:51:55 [[35mhttp[39m]: [35mGET /5jg1NSXvJyWsHZVPRdtd2MjB6dq2 - User: anonymous - Status: 401 - 2ms[39m
2026-02-14 00:52:29 [[35mhttp[39m]: [35mGET /5jg1NSXvJyWsHZVPRdtd2MjB6dq2 - User: anonymous - Status: 401 - 6ms[39m
2026-02-14 00:54:09 [[35mhttp[39m]: [35mGET /5jg1NSXvJyWsHZVPRdtd2MjB6dq2 - User: anonymous - Status: 401 - 5ms[39m
2026-02-14 00:54:24 [[35mhttp[39m]: [35mGET /5jg1NSXvJyWsHZVPRdtd2MjB6dq2 - User: anonymous - Status: 401 - 4ms[39m
2026-02-14 00:55:42 [[35mhttp[39m]: [35mGET /5jg1NSXvJyWsHZVPRdtd2MjB6dq2 - User: anonymous - Status: 401 - 5ms[39m
2026-02-14 00:55:52 [[35mhttp[39m]: [35mGET /5jg1NSXvJyWsHZVPRdtd2MjB6dq2 - User: 5jg1NSXvJyWsHZVPRdtd2MjB6dq2 - Status: 404 - 2536ms[39m
2026-02-14 00:56:47 [[35mhttp[39m]: [35mGET /5jg1NSXvJyWsHZVPRdtd2MjB6dq2 - User: 5jg1NSXvJyWsHZVPRdtd2MjB6dq2 - Status: 404 - 453ms[39m
2026-02-14 00:57:54 [[35mhttp[39m]: [35mGET /5jg1NSXvJyWsHZVPRdtd2MjB6dq2 - User: 5jg1NSXvJyWsHZVPRdtd2MjB6dq2 - Status: 404 - 471ms[39m
2026-02-14 01:03:56 [[35mhttp[39m]: [35mGET /FNsNF6r3t9cwhxG94wMXaNUWXoF2 - User: 5jg1NSXvJyWsHZVPRdtd2MjB6dq2 - Status: 403 - 2ms[39m
2026-02-14 01:04:09 [[35mhttp[39m]: [35mGET /FNsNF6r3t9cwhxG94wMXaNUWXoF2 - User: anonymous - Status: 401 - 3ms[39m
2026-02-14 01:05:41 [[35mhttp[39m]: [35mGET /FNsNF6r3t9cwhxG94wMXaNUWXoF2 - User: FNsNF6r3t9cwhxG94wMXaNUWXoF2 - Status: 200 - 3034ms[39m
2026-02-14 01:05:59 [[35mhttp[39m]: [35mGET /5jg1NSXvJyWsHZVPRdtd2MjB6dq2 - User: FNsNF6r3t9cwhxG94wMXaNUWXoF2 - Status: 403 - 2ms[39m
2026-02-14 01:06:08 [[35mhttp[39m]: [35mGET /5jg1NSXvJyWsHZVPRdtd2MjB6dq2 - User: 5jg1NSXvJyWsHZVPRdtd2MjB6dq2 - Status: 404 - 1577ms[39m
2026-02-14 01:07:54 [[35mhttp[39m]: [35mGET /5jg1NSXvJyWsHZVPRdtd2MjB6dq2 - User: FNsNF6r3t9cwhxG94wMXaNUWXoF2 - Status: 403 - 4ms[39m
2026-02-14 01:10:35 [[35mhttp[39m]: [35mGET /FNsNF6r3t9cwhxG94wMXaNUWXoF2/stats - User: FNsNF6r3t9cwhxG94wMXaNUWXoF2 - Status: 200 - 2625ms[39m
2026-02-14 01:10:45 [[35mhttp[39m]: [35mGET /FNsNF6r3t9cwhxG94wMXaNUWXoF2/stats - User: FNsNF6r3t9cwhxG94wMXaNUWXoF2 - Status: 200 - 331ms[39m
2026-02-14 01:10:51 [[35mhttp[39m]: [35mGET /FNsNF6r3t9cwhxG94wMXaNUWXoF2/stats - User: FNsNF6r3t9cwhxG94wMXaNUWXoF2 - Status: 400 - 2ms[39m
2026-02-14 01:11:00 [[35mhttp[39m]: [35mGET /FNsNF6r3t9cwhxG94wMXaNUWXoF2/stats - User: FNsNF6r3t9cwhxG94wMXaNUWXoF2 - Status: 400 - 2ms[39m
2026-02-14 01:11:16 [[35mhttp[39m]: [35mGET /FNsNF6r3t9cwhxG94wMXaNUWXoF2/stats - User: FNsNF6r3t9cwhxG94wMXaNUWXoF2 - Status: 400 - 1ms[39m
2026-02-14 01:11:24 [[35mhttp[39m]: [35mGET /FNsNF6r3t9cwhxG94wMXaNUWXoF2/stats - User: FNsNF6r3t9cwhxG94wMXaNUWXoF2 - Status: 200 - 410ms[39m
2026-02-14 01:11:33 [[35mhttp[39m]: [35mGET /FNsNF6r3t9cwhxG94wMXaNUWXoF2/stats - User: FNsNF6r3t9cwhxG94wMXaNUWXoF2 - Status: 200 - 337ms[39m
2026-02-14 01:11:37 [[35mhttp[39m]: [35mGET /FNsNF6r3t9cwhxG94wMXaNUWXoF2/stats - User: FNsNF6r3t9cwhxG94wMXaNUWXoF2 - Status: 200 - 312ms[39m
2026-02-14 01:13:11 [[35mhttp[39m]: [35mGET /FNsNF6r3t9cwhxG94wMXaNUWXoF2/stats - User: FNsNF6r3t9cwhxG94wMXaNUWXoF2 - Status: 200 - 343ms[39m
2026-02-14 01:13:24 [[35mhttp[39m]: [35mGET /FNsNF6r3t9cwhxG94wMXaNUWXoF2/stats - User: FNsNF6r3t9cwhxG94wMXaNUWXoF2 - Status: 200 - 319ms[39m
2026-02-14 01:13:40 [[35mhttp[39m]: [35mGET /5jg1NSXvJyWsHZVPRdtd2MjB6dq2/stats - User: FNsNF6r3t9cwhxG94wMXaNUWXoF2 - Status: 403 - 2ms[39m
2026-02-14 01:13:49 [[35mhttp[39m]: [35mGET /5jg1NSXvJyWsHZVPRdtd2MjB6dq2/stats - User: 5jg1NSXvJyWsHZVPRdtd2MjB6dq2 - Status: 200 - 953ms[39m
2026-02-14 01:41:46 [[35mhttp[39m]: [35mGET /active - User: anonymous - Status: 500 - 2497ms[39m
2026-02-14 01:53:37 [[35mhttp[39m]: [35mGET /active - User: anonymous - Status: 200 - 1914ms[39m
2026-02-14 02:06:30 [[35mhttp[39m]: [35mGET /challenge_123 - User: anonymous - Status: 404 - 2438ms[39m
2026-02-14 02:06:47 [[35mhttp[39m]: [35mGET /weekly_warrior - User: anonymous - Status: 500 - 1491ms[39m
2026-02-14 02:13:23 [[35mhttp[39m]: [35mGET /weekly_warrior - User: anonymous - Status: 200 - 2286ms[39m
2026-02-14 02:14:24 [[35mhttp[39m]: [35mGET /invalid - User: anonymous - Status: 404 - 569ms[39m
2026-02-14 02:42:37 [[31merror[39m]: [31mUnexpected token 'F', ...""userId": FNsNF6r3t9"... is not valid JSON[39m
2026-02-14 02:43:34 [[35mhttp[39m]: [35mPOST /join - User: anonymous - Status: 401 - 9ms[39m
2026-02-14 02:44:15 [[35mhttp[39m]: [35mPOST /join - User: FNsNF6r3t9cwhxG94wMXaNUWXoF2 - Status: 200 - 4554ms[39m
2026-02-14 02:47:01 [[35mhttp[39m]: [35mPOST /join - User: FNsNF6r3t9cwhxG94wMXaNUWXoF2 - Status: 400 - 2806ms[39m
2026-02-14 02:48:01 [[35mhttp[39m]: [35mPOST /leave - User: FNsNF6r3t9cwhxG94wMXaNUWXoF2 - Status: 200 - 2138ms[39m
2026-02-14 02:48:19 [[35mhttp[39m]: [35mPOST /join - User: FNsNF6r3t9cwhxG94wMXaNUWXoF2 - Status: 400 - 1698ms[39m
2026-02-14 02:48:43 [[35mhttp[39m]: [35mPOST /leave - User: FNsNF6r3t9cwhxG94wMXaNUWXoF2 - Status: 200 - 2221ms[39m
2026-02-14 02:48:55 [[35mhttp[39m]: [35mPOST /leave - User: FNsNF6r3t9cwhxG94wMXaNUWXoF2 - Status: 200 - 2004ms[39m
2026-02-14 02:49:05 [[35mhttp[39m]: [35mPOST /join - User: FNsNF6r3t9cwhxG94wMXaNUWXoF2 - Status: 400 - 1735ms[39m
2026-02-14 13:46:21 [[35mhttp[39m]: [35mPOST /join - User: anonymous - Status: 401 - 2980ms[39m
2026-02-14 13:47:09 [[35mhttp[39m]: [35mPOST /join - User: FNsNF6r3t9cwhxG94wMXaNUWXoF2 - Status: 400 - 5603ms[39m
2026-02-14 14:41:27 [[35mhttp[39m]: [35mPOST /leave - User: FNsNF6r3t9cwhxG94wMXaNUWXoF2 - Status: 200 - 3411ms[39m
2026-02-14 15:01:24 [[35mhttp[39m]: [35mPOST /leave - User: anonymous - Status: 401 - 8ms[39m
2026-02-14 15:02:02 [[35mhttp[39m]: [35mPOST /leave - User: FNsNF6r3t9cwhxG94wMXaNUWXoF2 - Status: 200 - 3651ms[39m
2026-02-14 15:02:09 [[35mhttp[39m]: [35mPOST /leave - User: FNsNF6r3t9cwhxG94wMXaNUWXoF2 - Status: 200 - 1908ms[39m
2026-02-14 15:02:48 [[35mhttp[39m]: [35mPOST /leave - User: FNsNF6r3t9cwhxG94wMXaNUWXoF2 - Status: 500 - 3227ms[39m
2026-02-14 15:06:30 [[35mhttp[39m]: [35mPOST /join - User: FNsNF6r3t9cwhxG94wMXaNUWXoF2 - Status: 200 - 3382ms[39m
2026-02-14 15:06:37 [[35mhttp[39m]: [35mPOST /join - User: FNsNF6r3t9cwhxG94wMXaNUWXoF2 - Status: 500 - 1395ms[39m
2026-02-14 15:06:43 [[35mhttp[39m]: [35mPOST /leave - User: FNsNF6r3t9cwhxG94wMXaNUWXoF2 - Status: 200 - 1419ms[39m
2026-02-14 15:06:49 [[35mhttp[39m]: [35mPOST /leave - User: FNsNF6r3t9cwhxG94wMXaNUWXoF2 - Status: 500 - 353ms[39m
2026-02-14 15:07:30 [[35mhttp[39m]: [35mGET /user/FNsNF6r3t9cwhxG94wMXaNUWXoF2 - User: anonymous - Status: 401 - 2ms[39m
2026-02-14 15:07:53 [[35mhttp[39m]: [35mGET /user/FNsNF6r3t9cwhxG94wMXaNUWXoF2 - User: FNsNF6r3t9cwhxG94wMXaNUWXoF2 - Status: 500 - 387ms[39m
2026-02-14 15:11:35 [[35mhttp[39m]: [35mGET /user/FNsNF6r3t9cwhxG94wMXaNUWXoF2 - User: FNsNF6r3t9cwhxG94wMXaNUWXoF2 - Status: 500 - 876ms[39m
2026-02-14 15:14:55 [[35mhttp[39m]: [35mGET /user/FNsNF6r3t9cwhxG94wMXaNUWXoF2 - User: FNsNF6r3t9cwhxG94wMXaNUWXoF2 - Status: 200 - 3327ms[39m
2026-02-14 15:18:08 [[35mhttp[39m]: [35mPOST /join - User: FNsNF6r3t9cwhxG94wMXaNUWXoF2 - Status: 200 - 1741ms[39m
2026-02-14 15:18:19 [[35mhttp[39m]: [35mPOST /leave - User: FNsNF6r3t9cwhxG94wMXaNUWXoF2 - Status: 200 - 1418ms[39m
2026-02-14 15:48:54 [[35mhttp[39m]: [35mGET /user/FNsNF6r3t9cwhxG94wMXaNUWXoF2 - User: FNsNF6r3t9cwhxG94wMXaNUWXoF2 - Status: 200 - 3640ms[39m
2026-02-14 16:16:58 [[35mhttp[39m]: [35mGET /user/5jg1NSXvJyWsHZVPRdtd2MjB6dq2 - User: anonymous - Status: 401 - 11ms[39m
2026-02-14 16:17:35 [[35mhttp[39m]: [35mGET /active - User: anonymous - Status: 200 - 2289ms[39m
2026-02-14 16:17:44 [[35mhttp[39m]: [35mPOST /join - User: anonymous - Status: 401 - 7ms[39m
2026-02-14 16:19:04 [[35mhttp[39m]: [35mPOST /join - User: FNsNF6r3t9cwhxG94wMXaNUWXoF2 - Status: 200 - 1782ms[39m
2026-02-14 16:19:15 [[35mhttp[39m]: [35mGET /active - User: anonymous - Status: 200 - 413ms[39m
2026-02-14 16:19:45 [[35mhttp[39m]: [35mGET /weekly_warrior - User: anonymous - Status: 200 - 1927ms[39m
2026-02-14 16:19:56 [[35mhttp[39m]: [35mPOST /leave - User: FNsNF6r3t9cwhxG94wMXaNUWXoF2 - Status: 200 - 1582ms[39m
2026-02-14 16:20:08 [[35mhttp[39m]: [35mGET /weekly_warrior - User: anonymous - Status: 200 - 1708ms[39m
2026-02-14 16:20:13 [[35mhttp[39m]: [35mPOST /leave - User: FNsNF6r3t9cwhxG94wMXaNUWXoF2 - Status: 500 - 350ms[39m
2026-02-14 16:20:24 [[35mhttp[39m]: [35mGET /user/FNsNF6r3t9cwhxG94wMXaNUWXoF2 - User: FNsNF6r3t9cwhxG94wMXaNUWXoF2 - Status: 200 - 1577ms[39m
2026-02-14 16:20:28 [[35mhttp[39m]: [35mGET /user/5jg1NSXvJyWsHZVPRdtd2MjB6dq2 - User: FNsNF6r3t9cwhxG94wMXaNUWXoF2 - Status: 403 - 7ms[39m
2026-02-14 16:40:35 [[35mhttp[39m]: [35mGET /user/FNsNF6r3t9cwhxG94wMXaNUWXoF2 - User: FNsNF6r3t9cwhxG94wMXaNUWXoF2 - Status: 200 - 6548ms[39m
2026-02-14 17:05:44 [[35mhttp[39m]: [35mGET /user/FNsNF6r3t9cwhxG94wMXaNUWXoF2 - User: anonymous - Status: 401 - 3ms[39m
2026-02-14 17:06:19 [[35mhttp[39m]: [35mGET /user/FNsNF6r3t9cwhxG94wMXaNUWXoF2 - User: FNsNF6r3t9cwhxG94wMXaNUWXoF2 - Status: 500 - 9ms[39m
2026-02-14 17:14:31 [[35mhttp[39m]: [35mGET /user/FNsNF6r3t9cwhxG94wMXaNUWXoF2 - User: FNsNF6r3t9cwhxG94wMXaNUWXoF2 - Status: 500 - 5366ms[39m
2026-02-14 17:24:47 [[35mhttp[39m]: [35mGET /user/FNsNF6r3t9cwhxG94wMXaNUWXoF2 - User: anonymous - Status: 401 - 16ms[39m
2026-02-14 17:25:51 [[35mhttp[39m]: [35mGET /user/FNsNF6r3t9cwhxG94wMXaNUWXoF2 - User: FNsNF6r3t9cwhxG94wMXaNUWXoF2 - Status: 200 - 2819ms[39m
2026-02-14 17:30:05 [[35mhttp[39m]: [35mGET / - User: anonymous - Status: 500 - 5ms[39m
2026-02-14 17:38:51 [[35mhttp[39m]: [35mGET / - User: anonymous - Status: 200 - 4292ms[39m
2026-02-14 17:39:02 [[35mhttp[39m]: [35mGET /user/FNsNF6r3t9cwhxG94wMXaNUWXoF2 - User: FNsNF6r3t9cwhxG94wMXaNUWXoF2 - Status: 200 - 3049ms[39m
2026-02-14 17:39:18 [[35mhttp[39m]: [35mGET /user/FNsNF6r3t9cwhxG94wMXaNUWXoF2 - User: FNsNF6r3t9cwhxG94wMXaNUWXoF2 - Status: 200 - 1528ms[39m
2026-02-14 17:54:39 [[35mhttp[39m]: [35mGET /user/FNsNF6r3t9cwhxG94wMXaNUWXoF2 - User: anonymous - Status: 401 - 30ms[39m
2026-02-14 17:55:08 [[35mhttp[39m]: [35mGET /user/FNsNF6r3t9cwhxG94wMXaNUWXoF2 - User: FNsNF6r3t9cwhxG94wMXaNUWXoF2 - Status: 200 - 6814ms[39m
2026-02-14 17:55:18 [[35mhttp[39m]: [35mGET /user/5jg1NSXvJyWsHZVPRdtd2MjB6dq2 - User: FNsNF6r3t9cwhxG94wMXaNUWXoF2 - Status: 403 - 5ms[39m
2026-02-14 17:56:42 [[35mhttp[39m]: [35mGET /user/5jg1NSXvJyWsHZVPRdtd2MjB6dq2 - User: 5jg1NSXvJyWsHZVPRdtd2MjB6dq2 - Status: 200 - 482ms[39m
2026-02-14 17:57:42 [[35mhttp[39m]: [35mGET /user/FNsNF6r3t9cwhxG94wMXaNUWXoF2/progress - User: FNsNF6r3t9cwhxG94wMXaNUWXoF2 - Status: 500 - 23ms[39m
2026-02-14 18:42:25 [[35mhttp[39m]: [35mGET / - User: anonymous - Status: 200 - 2916ms[39m
2026-02-14 18:42:32 [[35mhttp[39m]: [35mGET /user/FNsNF6r3t9cwhxG94wMXaNUWXoF2 - User: anonymous - Status: 401 - 1678ms[39m
2026-02-14 18:42:58 [[35mhttp[39m]: [35mGET /user/FNsNF6r3t9cwhxG94wMXaNUWXoF2 - User: FNsNF6r3t9cwhxG94wMXaNUWXoF2 - Status: 200 - 678ms[39m
2026-02-14 18:43:02 [[35mhttp[39m]: [35mGET /user/5jg1NSXvJyWsHZVPRdtd2MjB6dq2 - User: 5jg1NSXvJyWsHZVPRdtd2MjB6dq2 - Status: 200 - 332ms[39m
2026-02-14 18:43:18 [[35mhttp[39m]: [35mGET /user/FNsNF6r3t9cwhxG94wMXaNUWXoF2/progress - User: FNsNF6r3t9cwhxG94wMXaNUWXoF2 - Status: 500 - 4ms[39m
2026-02-14 18:47:16 [[35mhttp[39m]: [35mGET / - User: anonymous - Status: 200 - 1371ms[39m
2026-02-14 18:47:23 [[35mhttp[39m]: [35mGET /user/FNsNF6r3t9cwhxG94wMXaNUWXoF2 - User: FNsNF6r3t9cwhxG94wMXaNUWXoF2 - Status: 200 - 3970ms[39m
2026-02-14 18:47:54 [[35mhttp[39m]: [35mGET /user/5jg1NSXvJyWsHZVPRdtd2MjB6dq2 - User: 5jg1NSXvJyWsHZVPRdtd2MjB6dq2 - Status: 200 - 2818ms[39m
2026-02-14 18:48:03 [[35mhttp[39m]: [35mGET /user/FNsNF6r3t9cwhxG94wMXaNUWXoF2/progress - User: FNsNF6r3t9cwhxG94wMXaNUWXoF2 - Status: 200 - 1680ms[39m
2026-02-14 18:53:08 [[35mhttp[39m]: [35mGET /user/5jg1NSXvJyWsHZVPRdtd2MjB6dq2 - User: FNsNF6r3t9cwhxG94wMXaNUWXoF2 - Status: 403 - 4ms[39m
2026-02-14 19:01:28 [[35mhttp[39m]: [35mPOST /api/badges/user/FNsNF6r3t9cwhxG94wMXaNUWXoF2 - User: anonymous - Status: 404 - 2ms[39m
2026-02-14 19:03:51 [[35mhttp[39m]: [35mPOST /api/badges/users/FNsNF6r3t9cwhxG94wMXaNUWXoF2 - User: anonymous - Status: 404 - 1ms[39m
2026-02-14 19:07:21 [[35mhttp[39m]: [35mPOST /api/badges/user/FNsNF6r3t9cwhxG94wMXaNUWXoF2 - User: anonymous - Status: 404 - 5ms[39m
